This file contains any messages produced by compilers while
running configure, to aid debugging if configure makes a mistake.

It was created by poke configure 1.0, which was
generated by GNU Autoconf 2.69.  Invocation command line was

  $ ./configure --no-create --no-recursion

## --------- ##
## Platform. ##
## --------- ##

hostname = ljj-ljj
uname -m = x86_64
uname -r = 3.13.0-32-generic
uname -s = Linux
uname -v = #57-Ubuntu SMP Tue Jul 15 03:51:08 UTC 2014

/usr/bin/uname -p = unknown
/bin/uname -X     = unknown

/bin/arch              = unknown
/usr/bin/arch -k       = unknown
/usr/convex/getsysinfo = unknown
/usr/bin/hostinfo      = unknown
/bin/machine           = unknown
/usr/bin/oslevel       = unknown
/bin/universe          = unknown

PATH: /home/ljj/bin
PATH: /usr/local/sbin
PATH: /usr/local/bin
PATH: /usr/sbin
PATH: /usr/bin
PATH: /sbin
PATH: /bin
PATH: /usr/games
PATH: /usr/local/games
PATH: /home/ljj/bin
PATH: /var/lib/gems/1.8/bin/


## ----------- ##
## Core tests. ##
## ----------- ##

configure:2069: checking for a BSD-compatible install
configure:2137: result: /usr/bin/install -c
configure:2148: checking whether build environment is sane
configure:2203: result: yes
configure:2354: checking for a thread-safe mkdir -p
configure:2393: result: /bin/mkdir -p
configure:2400: checking for gawk
configure:2416: found /usr/bin/gawk
configure:2427: result: gawk
configure:2438: checking whether make sets $(MAKE)
configure:2460: result: yes
configure:2489: checking whether make supports nested variables
configure:2506: result: yes
configure:2681: checking for gcc
configure:2697: found /usr/bin/gcc
configure:2708: result: gcc
configure:2937: checking for C compiler version
configure:2946: gcc --version >&5
gcc (Ubuntu 4.8.4-2ubuntu1~14.04.1) 4.8.4
Copyright (C) 2013 Free Software Foundation, Inc.
This is free software; see the source for copying conditions.  There is NO
warranty; not even for MERCHANTABILITY or FITNESS FOR A PARTICULAR PURPOSE.

configure:2957: $? = 0
configure:2946: gcc -v >&5
Using built-in specs.
COLLECT_GCC=gcc
COLLECT_LTO_WRAPPER=/usr/lib/gcc/x86_64-linux-gnu/4.8/lto-wrapper
Target: x86_64-linux-gnu
Configured with: ../src/configure -v --with-pkgversion='Ubuntu 4.8.4-2ubuntu1~14.04.1' --with-bugurl=file:///usr/share/doc/gcc-4.8/README.Bugs --enable-languages=c,c++,java,go,d,fortran,objc,obj-c++ --prefix=/usr --program-suffix=-4.8 --enable-shared --enable-linker-build-id --libexecdir=/usr/lib --without-included-gettext --enable-threads=posix --with-gxx-include-dir=/usr/include/c++/4.8 --libdir=/usr/lib --enable-nls --with-sysroot=/ --enable-clocale=gnu --enable-libstdcxx-debug --enable-libstdcxx-time=yes --enable-gnu-unique-object --disable-libmudflap --enable-plugin --with-system-zlib --disable-browser-plugin --enable-java-awt=gtk --enable-gtk-cairo --with-java-home=/usr/lib/jvm/java-1.5.0-gcj-4.8-amd64/jre --enable-java-home --with-jvm-root-dir=/usr/lib/jvm/java-1.5.0-gcj-4.8-amd64 --with-jvm-jar-dir=/usr/lib/jvm-exports/java-1.5.0-gcj-4.8-amd64 --with-arch-directory=amd64 --with-ecj-jar=/usr/share/java/eclipse-ecj.jar --enable-objc-gc --enable-multiarch --disable-werror --with-arch-32=i686 --with-abi=m64 --with-multilib-list=m32,m64,mx32 --with-tune=generic --enable-checking=release --build=x86_64-linux-gnu --host=x86_64-linux-gnu --target=x86_64-linux-gnu
Thread model: posix
gcc version 4.8.4 (Ubuntu 4.8.4-2ubuntu1~14.04.1) 
configure:2957: $? = 0
configure:2946: gcc -V >&5
gcc: error: unrecognized command line option '-V'
gcc: fatal error: no input files
compilation terminated.
configure:2957: $? = 4
configure:2946: gcc -qversion >&5
gcc: error: unrecognized command line option '-qversion'
gcc: fatal error: no input files
compilation terminated.
configure:2957: $? = 4
configure:2977: checking whether the C compiler works
configure:2999: gcc    conftest.c  >&5
configure:3003: $? = 0
configure:3051: result: yes
configure:3054: checking for C compiler default output file name
configure:3056: result: a.out
configure:3062: checking for suffix of executables
configure:3069: gcc -o conftest    conftest.c  >&5
configure:3073: $? = 0
configure:3095: result: 
configure:3117: checking whether we are cross compiling
configure:3125: gcc -o conftest    conftest.c  >&5
configure:3129: $? = 0
configure:3136: ./conftest
configure:3140: $? = 0
configure:3155: result: no
configure:3160: checking for suffix of object files
configure:3182: gcc -c   conftest.c >&5
configure:3186: $? = 0
configure:3207: result: o
configure:3211: checking whether we are using the GNU C compiler
configure:3230: gcc -c   conftest.c >&5
configure:3230: $? = 0
configure:3239: result: yes
configure:3248: checking whether gcc accepts -g
configure:3268: gcc -c -g  conftest.c >&5
configure:3268: $? = 0
configure:3309: result: yes
configure:3326: checking for gcc option to accept ISO C89
configure:3389: gcc  -c -g -O2  conftest.c >&5
configure:3389: $? = 0
configure:3402: result: none needed
configure:3427: checking whether gcc understands -c and -o together
configure:3449: gcc -c conftest.c -o conftest2.o
configure:3452: $? = 0
configure:3449: gcc -c conftest.c -o conftest2.o
configure:3452: $? = 0
configure:3464: result: yes
configure:3492: checking for style of include used by make
configure:3520: result: GNU
configure:3546: checking dependency style of gcc
configure:3657: result: gcc3
configure:3680: checking how to run the C preprocessor
configure:3711: gcc -E  conftest.c
configure:3711: $? = 0
configure:3725: gcc -E  conftest.c
conftest.c:11:28: fatal error: ac_nonexistent.h: No such file or directory
 #include <ac_nonexistent.h>
                            ^
compilation terminated.
configure:3725: $? = 1
configure: failed program was:
| /* confdefs.h */
| #define PACKAGE_NAME "poke"
| #define PACKAGE_TARNAME "poke"
| #define PACKAGE_VERSION "1.0"
| #define PACKAGE_STRING "poke 1.0"
| #define PACKAGE_BUGREPORT ""
| #define PACKAGE_URL ""
| #define PACKAGE "poke"
| #define VERSION "1.0"
| /* end confdefs.h.  */
| #include <ac_nonexistent.h>
configure:3750: result: gcc -E
configure:3770: gcc -E  conftest.c
configure:3770: $? = 0
configure:3784: gcc -E  conftest.c
conftest.c:11:28: fatal error: ac_nonexistent.h: No such file or directory
 #include <ac_nonexistent.h>
                            ^
compilation terminated.
configure:3784: $? = 1
configure: failed program was:
| /* confdefs.h */
| #define PACKAGE_NAME "poke"
| #define PACKAGE_TARNAME "poke"
| #define PACKAGE_VERSION "1.0"
| #define PACKAGE_STRING "poke 1.0"
| #define PACKAGE_BUGREPORT ""
| #define PACKAGE_URL ""
| #define PACKAGE "poke"
| #define VERSION "1.0"
| /* end confdefs.h.  */
| #include <ac_nonexistent.h>
configure:3813: checking for grep that handles long lines and -e
configure:3871: result: /bin/grep
configure:3876: checking for egrep
configure:3938: result: /bin/grep -E
configure:3943: checking for ANSI C header files
configure:3963: gcc -c -g -O2  conftest.c >&5
configure:3963: $? = 0
configure:4036: gcc -o conftest -g -O2   conftest.c  >&5
configure:4036: $? = 0
configure:4036: ./conftest
configure:4036: $? = 0
configure:4047: result: yes
configure:4062: checking for sys/types.h
configure:4062: gcc -c -g -O2  conftest.c >&5
configure:4062: $? = 0
configure:4062: result: yes
configure:4062: checking for sys/stat.h
configure:4062: gcc -c -g -O2  conftest.c >&5
configure:4062: $? = 0
configure:4062: result: yes
configure:4062: checking for stdlib.h
configure:4062: gcc -c -g -O2  conftest.c >&5
configure:4062: $? = 0
configure:4062: result: yes
configure:4062: checking for string.h
configure:4062: gcc -c -g -O2  conftest.c >&5
configure:4062: $? = 0
configure:4062: result: yes
configure:4062: checking for memory.h
configure:4062: gcc -c -g -O2  conftest.c >&5
configure:4062: $? = 0
configure:4062: result: yes
configure:4062: checking for strings.h
configure:4062: gcc -c -g -O2  conftest.c >&5
configure:4062: $? = 0
configure:4062: result: yes
configure:4062: checking for inttypes.h
configure:4062: gcc -c -g -O2  conftest.c >&5
configure:4062: $? = 0
configure:4062: result: yes
configure:4062: checking for stdint.h
configure:4062: gcc -c -g -O2  conftest.c >&5
configure:4062: $? = 0
configure:4062: result: yes
configure:4062: checking for unistd.h
configure:4062: gcc -c -g -O2  conftest.c >&5
configure:4062: $? = 0
configure:4062: result: yes
configure:4076: checking utime.h usability
configure:4076: gcc -c -g -O2  conftest.c >&5
configure:4076: $? = 0
configure:4076: result: yes
configure:4076: checking utime.h presence
configure:4076: gcc -E  conftest.c
configure:4076: $? = 0
configure:4076: result: yes
configure:4076: checking for utime.h
configure:4076: result: yes
configure:4109: checking for utime.h
configure:4109: result: yes
configure:4123: checking whether utime accepts a null argument
configure:4152: gcc -o conftest -g -O2   conftest.c  >&5
configure:4152: $? = 0
configure:4152: ./conftest
configure:4152: $? = 0
configure:4162: result: yes
configure:4283: checking that generated files are newer than configure
configure:4289: result: done
configure:4312: creating ./config.status

## ---------------- ##
## Cache variables. ##
## ---------------- ##

ac_cv_c_compiler_gnu=yes
ac_cv_env_CC_set=
ac_cv_env_CC_value=
ac_cv_env_CFLAGS_set=
ac_cv_env_CFLAGS_value=
ac_cv_env_CPPFLAGS_set=
ac_cv_env_CPPFLAGS_value=
ac_cv_env_CPP_set=
ac_cv_env_CPP_value=
ac_cv_env_LDFLAGS_set=
ac_cv_env_LDFLAGS_value=
ac_cv_env_LIBS_set=
ac_cv_env_LIBS_value=
ac_cv_env_build_alias_set=
ac_cv_env_build_alias_value=
ac_cv_env_host_alias_set=
ac_cv_env_host_alias_value=
ac_cv_env_target_alias_set=
ac_cv_env_target_alias_value=
ac_cv_func_utime_null=yes
ac_cv_header_inttypes_h=yes
ac_cv_header_memory_h=yes
ac_cv_header_stdc=yes
ac_cv_header_stdint_h=yes
ac_cv_header_stdlib_h=yes
ac_cv_header_string_h=yes
ac_cv_header_strings_h=yes
ac_cv_header_sys_stat_h=yes
ac_cv_header_sys_types_h=yes
ac_cv_header_unistd_h=yes
ac_cv_header_utime_h=yes
ac_cv_objext=o
ac_cv_path_EGREP='/bin/grep -E'
ac_cv_path_GREP=/bin/grep
ac_cv_path_install='/usr/bin/install -c'
ac_cv_path_mkdir=/bin/mkdir
ac_cv_prog_AWK=gawk
ac_cv_prog_CPP='gcc -E'
ac_cv_prog_ac_ct_CC=gcc
ac_cv_prog_cc_c89=
ac_cv_prog_cc_g=yes
ac_cv_prog_make_make_set=yes
am_cv_CC_dependencies_compiler_type=gcc3
am_cv_make_support_nested_variables=yes
am_cv_prog_cc_c_o=yes

## ----------------- ##
## Output variables. ##
## ----------------- ##

ACLOCAL='${SHELL} /home/ljj/script/c_casually/poke/missing aclocal-1.14'
AMDEPBACKSLASH='\'
AMDEP_FALSE='#'
AMDEP_TRUE=''
AMTAR='$${TAR-tar}'
AM_BACKSLASH='\'
AM_DEFAULT_V='$(AM_DEFAULT_VERBOSITY)'
AM_DEFAULT_VERBOSITY='1'
AM_V='$(V)'
AUTOCONF='${SHELL} /home/ljj/script/c_casually/poke/missing autoconf'
AUTOHEADER='${SHELL} /home/ljj/script/c_casually/poke/missing autoheader'
AUTOMAKE='${SHELL} /home/ljj/script/c_casually/poke/missing automake-1.14'
AWK='gawk'
CC='gcc'
CCDEPMODE='depmode=gcc3'
CFLAGS='-g -O2'
CPP='gcc -E'
CPPFLAGS=''
CYGPATH_W='echo'
DEFS='-DHAVE_CONFIG_H'
DEPDIR='.deps'
ECHO_C=''
ECHO_N='-n'
ECHO_T=''
EGREP='/bin/grep -E'
EXEEXT=''
GREP='/bin/grep'
INSTALL_DATA='${INSTALL} -m 644'
INSTALL_PROGRAM='${INSTALL}'
INSTALL_SCRIPT='${INSTALL}'
INSTALL_STRIP_PROGRAM='$(install_sh) -c -s'
LDFLAGS=''
LIBOBJS=''
LIBS=''
LTLIBOBJS=''
MAKEINFO='${SHELL} /home/ljj/script/c_casually/poke/missing makeinfo'
MKDIR_P='/bin/mkdir -p'
OBJEXT='o'
PACKAGE='poke'
PACKAGE_BUGREPORT=''
PACKAGE_NAME='poke'
PACKAGE_STRING='poke 1.0'
PACKAGE_TARNAME='poke'
PACKAGE_URL=''
PACKAGE_VERSION='1.0'
PATH_SEPARATOR=':'
SET_MAKE=''
SHELL='/bin/bash'
STRIP=''
VERSION='1.0'
ac_ct_CC='gcc'
am__EXEEXT_FALSE=''
am__EXEEXT_TRUE='#'
am__fastdepCC_FALSE='#'
am__fastdepCC_TRUE=''
am__include='include'
am__isrc=''
am__leading_dot='.'
am__nodep='_no'
am__quote=''
am__tar='$${TAR-tar} chof - "$$tardir"'
am__untar='$${TAR-tar} xf -'
bindir='${exec_prefix}/bin'
build_alias=''
datadir='${datarootdir}'
datarootdir='${prefix}/share'
docdir='${datarootdir}/doc/${PACKAGE_TARNAME}'
dvidir='${docdir}'
exec_prefix='${prefix}'
host_alias=''
htmldir='${docdir}'
includedir='${prefix}/include'
infodir='${datarootdir}/info'
install_sh='${SHELL} /home/ljj/script/c_casually/poke/install-sh'
libdir='${exec_prefix}/lib'
libexecdir='${exec_prefix}/libexec'
localedir='${datarootdir}/locale'
localstatedir='${prefix}/var'
mandir='${datarootdir}/man'
mkdir_p='$(MKDIR_P)'
oldincludedir='/usr/include'
pdfdir='${docdir}'
prefix='/usr/local'
program_transform_name='s,x,x,'
psdir='${docdir}'
sbindir='${exec_prefix}/sbin'
sharedstatedir='${prefix}/com'
sysconfdir='${prefix}/etc'
target_alias=''

## ----------- ##
## confdefs.h. ##
## ----------- ##

/* confdefs.h */
#define PACKAGE_NAME "poke"
#define PACKAGE_TARNAME "poke"
#define PACKAGE_VERSION "1.0"
#define PACKAGE_STRING "poke 1.0"
#define PACKAGE_BUGREPORT ""
#define PACKAGE_URL ""
#define PACKAGE "poke"
#define VERSION "1.0"
#define STDC_HEADERS 1
#define HAVE_SYS_TYPES_H 1
#define HAVE_SYS_STAT_H 1
#define HAVE_STDLIB_H 1
#define HAVE_STRING_H 1
#define HAVE_MEMORY_H 1
#define HAVE_STRINGS_H 1
#define HAVE_INTTYPES_H 1
#define HAVE_STDINT_H 1
#define HAVE_UNISTD_H 1
#define HAVE_UTIME_H 1
#define HAVE_UTIME_H 1
#define HAVE_UTIME_NULL 1

configure: exit 0

## ---------------------- ##
## Running config.status. ##
## ---------------------- ##

This file was extended by poke config.status 1.0, which was
generated by GNU Autoconf 2.69.  Invocation command line was

  CONFIG_FILES    = 
  CONFIG_HEADERS  = 
  CONFIG_LINKS    = 
  CONFIG_COMMANDS = 
  $ ./config.status 

on ljj-ljj

config.status:855: creating Makefile
config.status:855: creating config.h
config.status:1036: config.h is unchanged
config.status:1084: executing depfiles commands

## ---------------------- ##
## Running config.status. ##
## ---------------------- ##

This file was extended by poke config.status 1.0, which was
generated by GNU Autoconf 2.69.  Invocation command line was

  CONFIG_FILES    = 
  CONFIG_HEADERS  = 
  CONFIG_LINKS    = 
  CONFIG_COMMANDS = 
  $ ./config.status config.h

on ljj-ljj

config.status:855: creating config.h
config.status:1036: config.h is unchanged
